  [1m[35m (739.6ms)[0m  [1m[35mCREATE DATABASE "rails-1B-assoc_development" ENCODING = 'unicode'[0m
  ↳ bin/rails:9
  [1m[35m (451.8ms)[0m  [1m[35mCREATE DATABASE "rails-1B-assoc_test" ENCODING = 'unicode'[0m
  ↳ bin/rails:9
  [1m[35mSQL (2.2ms)[0m  [1m[35mCREATE EXTENSION IF NOT EXISTS "plpgsql"[0m
  ↳ db/schema.rb:16
  [1m[35m (0.5ms)[0m  [1m[35mDROP TABLE IF EXISTS "albums" CASCADE[0m
  ↳ db/schema.rb:18
  [1m[35m (80.7ms)[0m  [1m[35mCREATE TABLE "albums" ("id" bigserial primary key, "name" character varying NOT NULL, "year" integer NOT NULL, "artist_id" integer NOT NULL, "created_at" timestamp NOT NULL, "updated_at" timestamp NOT NULL)[0m
  ↳ db/schema.rb:18
  [1m[35m (6.7ms)[0m  [1m[35mCREATE  INDEX  "index_albums_on_artist_id" ON "albums"  ("artist_id")[0m
  ↳ db/schema.rb:18
  [1m[35m (0.2ms)[0m  [1m[35mDROP TABLE IF EXISTS "artists" CASCADE[0m
  ↳ db/schema.rb:27
  [1m[35m (8.7ms)[0m  [1m[35mCREATE TABLE "artists" ("id" bigserial primary key, "name" character varying NOT NULL, "created_at" timestamp NOT NULL, "updated_at" timestamp NOT NULL)[0m
  ↳ db/schema.rb:27
  [1m[35m (2.8ms)[0m  [1m[35mCREATE UNIQUE INDEX  "index_artists_on_name" ON "artists"  ("name")[0m
  ↳ db/schema.rb:27
  [1m[35m (1.5ms)[0m  [1m[35mDROP TABLE IF EXISTS "playlist_tracks" CASCADE[0m
  ↳ db/schema.rb:34
  [1m[35m (13.5ms)[0m  [1m[35mCREATE TABLE "playlist_tracks" ("id" bigserial primary key, "playlist_id" integer NOT NULL, "song_id" integer NOT NULL, "created_at" timestamp NOT NULL, "updated_at" timestamp NOT NULL)[0m
  ↳ db/schema.rb:34
  [1m[35m (2.8ms)[0m  [1m[35mCREATE  INDEX  "index_playlist_tracks_on_playlist_id" ON "playlist_tracks"  ("playlist_id")[0m
  ↳ db/schema.rb:34
  [1m[35m (15.1ms)[0m  [1m[35mCREATE  INDEX  "index_playlist_tracks_on_song_id" ON "playlist_tracks"  ("song_id")[0m
  ↳ db/schema.rb:34
  [1m[35m (0.2ms)[0m  [1m[35mDROP TABLE IF EXISTS "playlists" CASCADE[0m
  ↳ db/schema.rb:43
  [1m[35m (8.9ms)[0m  [1m[35mCREATE TABLE "playlists" ("id" bigserial primary key, "name" character varying NOT NULL, "user_id" integer NOT NULL, "created_at" timestamp NOT NULL, "updated_at" timestamp NOT NULL)[0m
  ↳ db/schema.rb:43
  [1m[35m (9.2ms)[0m  [1m[35mCREATE  INDEX  "index_playlists_on_user_id" ON "playlists"  ("user_id")[0m
  ↳ db/schema.rb:43
  [1m[35m (0.3ms)[0m  [1m[35mDROP TABLE IF EXISTS "songs" CASCADE[0m
  ↳ db/schema.rb:51
  [1m[35m (26.0ms)[0m  [1m[35mCREATE TABLE "songs" ("id" bigserial primary key, "name" character varying NOT NULL, "length" integer NOT NULL, "album_id" integer NOT NULL, "created_at" timestamp NOT NULL, "updated_at" timestamp NOT NULL)[0m
  ↳ db/schema.rb:51
  [1m[35m (54.2ms)[0m  [1m[35mCREATE  INDEX  "index_songs_on_album_id" ON "songs"  ("album_id")[0m
  ↳ db/schema.rb:51
  [1m[35m (2.5ms)[0m  [1m[35mCREATE  INDEX  "index_songs_on_name" ON "songs"  ("name")[0m
  ↳ db/schema.rb:51
  [1m[35m (8.1ms)[0m  [1m[35mDROP TABLE IF EXISTS "users" CASCADE[0m
  ↳ db/schema.rb:61
  [1m[35m (16.3ms)[0m  [1m[35mCREATE TABLE "users" ("id" bigserial primary key, "username" character varying NOT NULL, "password" character varying NOT NULL, "created_at" timestamp NOT NULL, "updated_at" timestamp NOT NULL)[0m
  ↳ db/schema.rb:61
  [1m[35m (6.0ms)[0m  [1m[35mCREATE UNIQUE INDEX  "index_users_on_username" ON "users"  ("username")[0m
  ↳ db/schema.rb:61
  [1m[35m (17.7ms)[0m  [1m[35mCREATE TABLE "schema_migrations" ("version" character varying NOT NULL PRIMARY KEY)[0m
  ↳ db/schema.rb:13
  [1m[35m (2.4ms)[0m  [1m[34mSELECT "schema_migrations"."version" FROM "schema_migrations" ORDER BY "schema_migrations"."version" ASC[0m
  ↳ db/schema.rb:13
  [1m[35m (2.3ms)[0m  [1m[32mINSERT INTO "schema_migrations" (version) VALUES (20200129002221)[0m
  ↳ db/schema.rb:13
  [1m[35m (8.5ms)[0m  [1m[32mINSERT INTO "schema_migrations" (version) VALUES
(20200129002155),
(20200129002127),
(20200129002148),
(20200129002134),
(20200129002140);

[0m
  ↳ db/schema.rb:13
  [1m[35m (16.4ms)[0m  [1m[35mCREATE TABLE "ar_internal_metadata" ("key" character varying NOT NULL PRIMARY KEY, "value" character varying, "created_at" timestamp NOT NULL, "updated_at" timestamp NOT NULL)[0m
  ↳ db/schema.rb:13
  [1m[36mActiveRecord::InternalMetadata Load (2.7ms)[0m  [1m[34mSELECT  "ar_internal_metadata".* FROM "ar_internal_metadata" WHERE "ar_internal_metadata"."key" = $1 LIMIT $2[0m  [["key", "environment"], ["LIMIT", 1]]
  ↳ db/schema.rb:13
  [1m[35m (0.6ms)[0m  [1m[35mBEGIN[0m
  ↳ db/schema.rb:13
  [1m[36mActiveRecord::InternalMetadata Create (5.0ms)[0m  [1m[32mINSERT INTO "ar_internal_metadata" ("key", "value", "created_at", "updated_at") VALUES ($1, $2, $3, $4) RETURNING "key"[0m  [["key", "environment"], ["value", "development"], ["created_at", "2020-12-02 14:33:11.263306"], ["updated_at", "2020-12-02 14:33:11.263306"]]
  ↳ db/schema.rb:13
  [1m[35m (0.5ms)[0m  [1m[35mCOMMIT[0m
  ↳ db/schema.rb:13
  [1m[36mActiveRecord::InternalMetadata Load (1.1ms)[0m  [1m[34mSELECT  "ar_internal_metadata".* FROM "ar_internal_metadata" WHERE "ar_internal_metadata"."key" = $1 LIMIT $2[0m  [["key", "environment"], ["LIMIT", 1]]
  ↳ bin/rails:9
  [1m[35m (0.3ms)[0m  [1m[35mBEGIN[0m
  ↳ bin/rails:9
  [1m[35m (0.7ms)[0m  [1m[35mCOMMIT[0m
  ↳ bin/rails:9
  [1m[35mSQL (1.0ms)[0m  [1m[35mCREATE EXTENSION IF NOT EXISTS "plpgsql"[0m
  ↳ db/schema.rb:16
  [1m[35m (1.1ms)[0m  [1m[35mDROP TABLE IF EXISTS "albums" CASCADE[0m
  ↳ db/schema.rb:18
  [1m[35m (43.4ms)[0m  [1m[35mCREATE TABLE "albums" ("id" bigserial primary key, "name" character varying NOT NULL, "year" integer NOT NULL, "artist_id" integer NOT NULL, "created_at" timestamp NOT NULL, "updated_at" timestamp NOT NULL)[0m
  ↳ db/schema.rb:18
  [1m[35m (5.6ms)[0m  [1m[35mCREATE  INDEX  "index_albums_on_artist_id" ON "albums"  ("artist_id")[0m
  ↳ db/schema.rb:18
  [1m[35m (1.4ms)[0m  [1m[35mDROP TABLE IF EXISTS "artists" CASCADE[0m
  ↳ db/schema.rb:27
  [1m[35m (15.2ms)[0m  [1m[35mCREATE TABLE "artists" ("id" bigserial primary key, "name" character varying NOT NULL, "created_at" timestamp NOT NULL, "updated_at" timestamp NOT NULL)[0m
  ↳ db/schema.rb:27
  [1m[35m (3.9ms)[0m  [1m[35mCREATE UNIQUE INDEX  "index_artists_on_name" ON "artists"  ("name")[0m
  ↳ db/schema.rb:27
  [1m[35m (0.4ms)[0m  [1m[35mDROP TABLE IF EXISTS "playlist_tracks" CASCADE[0m
  ↳ db/schema.rb:34
  [1m[35m (9.6ms)[0m  [1m[35mCREATE TABLE "playlist_tracks" ("id" bigserial primary key, "playlist_id" integer NOT NULL, "song_id" integer NOT NULL, "created_at" timestamp NOT NULL, "updated_at" timestamp NOT NULL)[0m
  ↳ db/schema.rb:34
  [1m[35m (10.2ms)[0m  [1m[35mCREATE  INDEX  "index_playlist_tracks_on_playlist_id" ON "playlist_tracks"  ("playlist_id")[0m
  ↳ db/schema.rb:34
  [1m[35m (12.2ms)[0m  [1m[35mCREATE  INDEX  "index_playlist_tracks_on_song_id" ON "playlist_tracks"  ("song_id")[0m
  ↳ db/schema.rb:34
  [1m[35m (0.3ms)[0m  [1m[35mDROP TABLE IF EXISTS "playlists" CASCADE[0m
  ↳ db/schema.rb:43
  [1m[35m (54.3ms)[0m  [1m[35mCREATE TABLE "playlists" ("id" bigserial primary key, "name" character varying NOT NULL, "user_id" integer NOT NULL, "created_at" timestamp NOT NULL, "updated_at" timestamp NOT NULL)[0m
  ↳ db/schema.rb:43
  [1m[35m (38.3ms)[0m  [1m[35mCREATE  INDEX  "index_playlists_on_user_id" ON "playlists"  ("user_id")[0m
  ↳ db/schema.rb:43
  [1m[35m (19.0ms)[0m  [1m[35mDROP TABLE IF EXISTS "songs" CASCADE[0m
  ↳ db/schema.rb:51
  [1m[35m (26.5ms)[0m  [1m[35mCREATE TABLE "songs" ("id" bigserial primary key, "name" character varying NOT NULL, "length" integer NOT NULL, "album_id" integer NOT NULL, "created_at" timestamp NOT NULL, "updated_at" timestamp NOT NULL)[0m
  ↳ db/schema.rb:51
  [1m[35m (4.1ms)[0m  [1m[35mCREATE  INDEX  "index_songs_on_album_id" ON "songs"  ("album_id")[0m
  ↳ db/schema.rb:51
  [1m[35m (4.4ms)[0m  [1m[35mCREATE  INDEX  "index_songs_on_name" ON "songs"  ("name")[0m
  ↳ db/schema.rb:51
  [1m[35m (0.3ms)[0m  [1m[35mDROP TABLE IF EXISTS "users" CASCADE[0m
  ↳ db/schema.rb:61
  [1m[35m (29.0ms)[0m  [1m[35mCREATE TABLE "users" ("id" bigserial primary key, "username" character varying NOT NULL, "password" character varying NOT NULL, "created_at" timestamp NOT NULL, "updated_at" timestamp NOT NULL)[0m
  ↳ db/schema.rb:61
  [1m[35m (7.2ms)[0m  [1m[35mCREATE UNIQUE INDEX  "index_users_on_username" ON "users"  ("username")[0m
  ↳ db/schema.rb:61
  [1m[35m (24.5ms)[0m  [1m[35mCREATE TABLE "schema_migrations" ("version" character varying NOT NULL PRIMARY KEY)[0m
  ↳ db/schema.rb:13
  [1m[35m (2.9ms)[0m  [1m[34mSELECT "schema_migrations"."version" FROM "schema_migrations" ORDER BY "schema_migrations"."version" ASC[0m
  ↳ db/schema.rb:13
  [1m[35m (1.8ms)[0m  [1m[32mINSERT INTO "schema_migrations" (version) VALUES (20200129002221)[0m
  ↳ db/schema.rb:13
  [1m[35m (2.2ms)[0m  [1m[32mINSERT INTO "schema_migrations" (version) VALUES
(20200129002155),
(20200129002127),
(20200129002148),
(20200129002134),
(20200129002140);

[0m
  ↳ db/schema.rb:13
  [1m[35m (63.2ms)[0m  [1m[35mCREATE TABLE "ar_internal_metadata" ("key" character varying NOT NULL PRIMARY KEY, "value" character varying, "created_at" timestamp NOT NULL, "updated_at" timestamp NOT NULL)[0m
  ↳ db/schema.rb:13
  [1m[36mActiveRecord::InternalMetadata Load (8.7ms)[0m  [1m[34mSELECT  "ar_internal_metadata".* FROM "ar_internal_metadata" WHERE "ar_internal_metadata"."key" = $1 LIMIT $2[0m  [["key", "environment"], ["LIMIT", 1]]
  ↳ db/schema.rb:13
  [1m[35m (0.4ms)[0m  [1m[35mBEGIN[0m
  ↳ db/schema.rb:13
  [1m[36mActiveRecord::InternalMetadata Create (1.3ms)[0m  [1m[32mINSERT INTO "ar_internal_metadata" ("key", "value", "created_at", "updated_at") VALUES ($1, $2, $3, $4) RETURNING "key"[0m  [["key", "environment"], ["value", "development"], ["created_at", "2020-12-02 14:33:12.052158"], ["updated_at", "2020-12-02 14:33:12.052158"]]
  ↳ db/schema.rb:13
  [1m[35m (0.4ms)[0m  [1m[35mCOMMIT[0m
  ↳ db/schema.rb:13
  [1m[36mActiveRecord::InternalMetadata Load (0.4ms)[0m  [1m[34mSELECT  "ar_internal_metadata".* FROM "ar_internal_metadata" WHERE "ar_internal_metadata"."key" = $1 LIMIT $2[0m  [["key", "environment"], ["LIMIT", 1]]
  ↳ bin/rails:9
  [1m[35m (0.1ms)[0m  [1m[35mBEGIN[0m
  ↳ bin/rails:9
  [1m[36mActiveRecord::InternalMetadata Update (0.4ms)[0m  [1m[33mUPDATE "ar_internal_metadata" SET "value" = $1, "updated_at" = $2 WHERE "ar_internal_metadata"."key" = $3[0m  [["value", "test"], ["updated_at", "2020-12-02 14:33:12.061366"], ["key", "environment"]]
  ↳ bin/rails:9
  [1m[35m (0.4ms)[0m  [1m[35mCOMMIT[0m
  ↳ bin/rails:9
  [1m[35m (1.6ms)[0m  [1m[34mSELECT "schema_migrations"."version" FROM "schema_migrations" ORDER BY "schema_migrations"."version" ASC[0m
  ↳ bin/rails:9
  [1m[35m (0.3ms)[0m  [1m[35mBEGIN[0m
  ↳ db/seeds.rb:13
  [1m[36mArtist Destroy (1.7ms)[0m  [1m[31mDELETE FROM "artists"[0m
  ↳ db/seeds.rb:14
  [1m[36mUser Destroy (1.2ms)[0m  [1m[31mDELETE FROM "users"[0m
  ↳ db/seeds.rb:15
  [1m[36mAlbum Destroy (0.8ms)[0m  [1m[31mDELETE FROM "albums"[0m
  ↳ db/seeds.rb:16
  [1m[36mPlaylist Destroy (2.3ms)[0m  [1m[31mDELETE FROM "playlists"[0m
  ↳ db/seeds.rb:17
  [1m[36mSong Destroy (1.5ms)[0m  [1m[31mDELETE FROM "songs"[0m
  ↳ db/seeds.rb:18
  [1m[36mPlaylistTrack Destroy (1.6ms)[0m  [1m[31mDELETE FROM "playlist_tracks"[0m
  ↳ db/seeds.rb:19
  [1m[36mUser Create (24.8ms)[0m  [1m[32mINSERT INTO "users" ("id", "username", "password", "created_at", "updated_at") VALUES ($1, $2, $3, $4, $5) RETURNING "id"[0m  [["id", 36458], ["username", "ricky"], ["password", "grade10"], ["created_at", "2020-12-02 14:33:12.184345"], ["updated_at", "2020-12-02 14:33:12.184345"]]
  ↳ db/seeds.rb:21
  [1m[36mArtist Create (3.4ms)[0m  [1m[32mINSERT INTO "artists" ("id", "name", "created_at", "updated_at") VALUES ($1, $2, $3, $4) RETURNING "id"[0m  [["id", 18384], ["name", "Aphex Twin"], ["created_at", "2020-12-02 14:33:12.244576"], ["updated_at", "2020-12-02 14:33:12.244576"]]
  ↳ db/seeds.rb:27
  [1m[36mAlbum Create (1.0ms)[0m  [1m[32mINSERT INTO "albums" ("id", "name", "year", "artist_id", "created_at", "updated_at") VALUES ($1, $2, $3, $4, $5, $6) RETURNING "id"[0m  [["id", 89848], ["name", "Selected Ambient Works 85-92"], ["year", 1992], ["artist_id", 18384], ["created_at", "2020-12-02 14:33:12.278469"], ["updated_at", "2020-12-02 14:33:12.278469"]]
  ↳ db/seeds.rb:32
  [1m[36mSong Create (2.0ms)[0m  [1m[32mINSERT INTO "songs" ("id", "name", "length", "album_id", "created_at", "updated_at") VALUES ($1, $2, $3, $4, $5, $6) RETURNING "id"[0m  [["id", 21664], ["name", "Ptolemy"], ["length", 434], ["album_id", 89848], ["created_at", "2020-12-02 14:33:12.298104"], ["updated_at", "2020-12-02 14:33:12.298104"]]
  ↳ db/seeds.rb:39
  [1m[36mSong Create (0.6ms)[0m  [1m[32mINSERT INTO "songs" ("id", "name", "length", "album_id", "created_at", "updated_at") VALUES ($1, $2, $3, $4, $5, $6) RETURNING "id"[0m  [["id", 56915], ["name", "Hedphelym"], ["length", 363], ["album_id", 89848], ["created_at", "2020-12-02 14:33:12.303300"], ["updated_at", "2020-12-02 14:33:12.303300"]]
  ↳ db/seeds.rb:46
  [1m[36mPlaylist Create (0.9ms)[0m  [1m[32mINSERT INTO "playlists" ("id", "name", "user_id", "created_at", "updated_at") VALUES ($1, $2, $3, $4, $5) RETURNING "id"[0m  [["id", 3004], ["name", "Good Songs"], ["user_id", 36458], ["created_at", "2020-12-02 14:33:12.330018"], ["updated_at", "2020-12-02 14:33:12.330018"]]
  ↳ db/seeds.rb:53
  [1m[36mPlaylistTrack Create (1.0ms)[0m  [1m[32mINSERT INTO "playlist_tracks" ("id", "playlist_id", "song_id", "created_at", "updated_at") VALUES ($1, $2, $3, $4, $5) RETURNING "id"[0m  [["id", 93346], ["playlist_id", 3004], ["song_id", 21664], ["created_at", "2020-12-02 14:33:12.355761"], ["updated_at", "2020-12-02 14:33:12.355761"]]
  ↳ db/seeds.rb:59
  [1m[36mPlaylistTrack Create (0.5ms)[0m  [1m[32mINSERT INTO "playlist_tracks" ("id", "playlist_id", "song_id", "created_at", "updated_at") VALUES ($1, $2, $3, $4, $5) RETURNING "id"[0m  [["id", 30837], ["playlist_id", 3004], ["song_id", 56915], ["created_at", "2020-12-02 14:33:12.358612"], ["updated_at", "2020-12-02 14:33:12.358612"]]
  ↳ db/seeds.rb:65
  [1m[35m (1.0ms)[0m  [1m[35mCOMMIT[0m
  ↳ db/seeds.rb:13
  [1m[35m (1.1ms)[0m  [1m[34mSELECT "schema_migrations"."version" FROM "schema_migrations" ORDER BY "schema_migrations"."version" ASC[0m
  ↳ bin/rails:9
  [1m[35m (2.3ms)[0m  [1m[34mSELECT "ar_internal_metadata"."value" FROM "ar_internal_metadata" WHERE "ar_internal_metadata"."key" = $1[0m  [["key", "environment"]]
  ↳ bin/rails:9
  [1m[35m (0.4ms)[0m  [1m[34mSELECT "schema_migrations"."version" FROM "schema_migrations" ORDER BY "schema_migrations"."version" ASC[0m
  ↳ bin/rails:9
  [1m[35m (0.5ms)[0m  [1m[34mSELECT "ar_internal_metadata"."value" FROM "ar_internal_metadata" WHERE "ar_internal_metadata"."key" = $1[0m  [["key", "environment"]]
  ↳ bin/rails:9
  [1m[35m (0.3ms)[0m  [1m[34mSELECT "schema_migrations"."version" FROM "schema_migrations" ORDER BY "schema_migrations"."version" ASC[0m
  ↳ bin/rails:9
  [1m[35m (0.2ms)[0m  [1m[34mSELECT "ar_internal_metadata"."value" FROM "ar_internal_metadata" WHERE "ar_internal_metadata"."key" = $1[0m  [["key", "environment"]]
  ↳ bin/rails:9
  [1m[35mSQL (0.4ms)[0m  [1m[35mCREATE EXTENSION IF NOT EXISTS "plpgsql"[0m
  ↳ db/schema.rb:16
  [1m[35m (22.5ms)[0m  [1m[35mDROP TABLE IF EXISTS "albums" CASCADE[0m
  ↳ db/schema.rb:18
  [1m[35m (10.5ms)[0m  [1m[35mCREATE TABLE "albums" ("id" bigserial primary key, "name" character varying NOT NULL, "year" integer NOT NULL, "artist_id" integer NOT NULL, "created_at" timestamp NOT NULL, "updated_at" timestamp NOT NULL)[0m
  ↳ db/schema.rb:18
  [1m[35m (1.6ms)[0m  [1m[35mCREATE  INDEX  "index_albums_on_artist_id" ON "albums"  ("artist_id")[0m
  ↳ db/schema.rb:18
  [1m[35m (13.1ms)[0m  [1m[35mDROP TABLE IF EXISTS "artists" CASCADE[0m
  ↳ db/schema.rb:27
  [1m[35m (10.1ms)[0m  [1m[35mCREATE TABLE "artists" ("id" bigserial primary key, "name" character varying NOT NULL, "created_at" timestamp NOT NULL, "updated_at" timestamp NOT NULL)[0m
  ↳ db/schema.rb:27
  [1m[35m (14.0ms)[0m  [1m[35mCREATE UNIQUE INDEX  "index_artists_on_name" ON "artists"  ("name")[0m
  ↳ db/schema.rb:27
  [1m[35m (15.2ms)[0m  [1m[35mDROP TABLE IF EXISTS "playlist_tracks" CASCADE[0m
  ↳ db/schema.rb:34
  [1m[35m (11.0ms)[0m  [1m[35mCREATE TABLE "playlist_tracks" ("id" bigserial primary key, "playlist_id" integer NOT NULL, "song_id" integer NOT NULL, "created_at" timestamp NOT NULL, "updated_at" timestamp NOT NULL)[0m
  ↳ db/schema.rb:34
  [1m[35m (5.2ms)[0m  [1m[35mCREATE  INDEX  "index_playlist_tracks_on_playlist_id" ON "playlist_tracks"  ("playlist_id")[0m
  ↳ db/schema.rb:34
  [1m[35m (2.0ms)[0m  [1m[35mCREATE  INDEX  "index_playlist_tracks_on_song_id" ON "playlist_tracks"  ("song_id")[0m
  ↳ db/schema.rb:34
  [1m[35m (17.3ms)[0m  [1m[35mDROP TABLE IF EXISTS "playlists" CASCADE[0m
  ↳ db/schema.rb:43
  [1m[35m (9.1ms)[0m  [1m[35mCREATE TABLE "playlists" ("id" bigserial primary key, "name" character varying NOT NULL, "user_id" integer NOT NULL, "created_at" timestamp NOT NULL, "updated_at" timestamp NOT NULL)[0m
  ↳ db/schema.rb:43
  [1m[35m (1.8ms)[0m  [1m[35mCREATE  INDEX  "index_playlists_on_user_id" ON "playlists"  ("user_id")[0m
  ↳ db/schema.rb:43
  [1m[35m (16.5ms)[0m  [1m[35mDROP TABLE IF EXISTS "songs" CASCADE[0m
  ↳ db/schema.rb:51
  [1m[35m (18.2ms)[0m  [1m[35mCREATE TABLE "songs" ("id" bigserial primary key, "name" character varying NOT NULL, "length" integer NOT NULL, "album_id" integer NOT NULL, "created_at" timestamp NOT NULL, "updated_at" timestamp NOT NULL)[0m
  ↳ db/schema.rb:51
  [1m[35m (2.1ms)[0m  [1m[35mCREATE  INDEX  "index_songs_on_album_id" ON "songs"  ("album_id")[0m
  ↳ db/schema.rb:51
  [1m[35m (1.6ms)[0m  [1m[35mCREATE  INDEX  "index_songs_on_name" ON "songs"  ("name")[0m
  ↳ db/schema.rb:51
  [1m[35m (3.5ms)[0m  [1m[35mDROP TABLE IF EXISTS "users" CASCADE[0m
  ↳ db/schema.rb:61
  [1m[35m (22.1ms)[0m  [1m[35mCREATE TABLE "users" ("id" bigserial primary key, "username" character varying NOT NULL, "password" character varying NOT NULL, "created_at" timestamp NOT NULL, "updated_at" timestamp NOT NULL)[0m
  ↳ db/schema.rb:61
  [1m[35m (1.6ms)[0m  [1m[35mCREATE UNIQUE INDEX  "index_users_on_username" ON "users"  ("username")[0m
  ↳ db/schema.rb:61
  [1m[35m (0.9ms)[0m  [1m[34mSELECT "schema_migrations"."version" FROM "schema_migrations" ORDER BY "schema_migrations"."version" ASC[0m
  ↳ db/schema.rb:13
  [1m[36mActiveRecord::InternalMetadata Load (0.6ms)[0m  [1m[34mSELECT  "ar_internal_metadata".* FROM "ar_internal_metadata" WHERE "ar_internal_metadata"."key" = $1 LIMIT $2[0m  [["key", "environment"], ["LIMIT", 1]]
  ↳ db/schema.rb:13
  [1m[35m (0.3ms)[0m  [1m[35mBEGIN[0m
  ↳ db/schema.rb:13
  [1m[35m (0.6ms)[0m  [1m[35mCOMMIT[0m
  ↳ db/schema.rb:13
  [1m[36mActiveRecord::InternalMetadata Load (0.5ms)[0m  [1m[34mSELECT  "ar_internal_metadata".* FROM "ar_internal_metadata" WHERE "ar_internal_metadata"."key" = $1 LIMIT $2[0m  [["key", "environment"], ["LIMIT", 1]]
  ↳ bin/rails:9
  [1m[35m (0.3ms)[0m  [1m[35mBEGIN[0m
  ↳ bin/rails:9
  [1m[35m (0.2ms)[0m  [1m[35mCOMMIT[0m
  ↳ bin/rails:9
  [1m[35mSQL (0.3ms)[0m  [1m[35mCREATE EXTENSION IF NOT EXISTS "plpgsql"[0m
  ↳ db/schema.rb:16
  [1m[35m (22.2ms)[0m  [1m[35mDROP TABLE IF EXISTS "albums" CASCADE[0m
  ↳ db/schema.rb:18
  [1m[35m (11.2ms)[0m  [1m[35mCREATE TABLE "albums" ("id" bigserial primary key, "name" character varying NOT NULL, "year" integer NOT NULL, "artist_id" integer NOT NULL, "created_at" timestamp NOT NULL, "updated_at" timestamp NOT NULL)[0m
  ↳ db/schema.rb:18
  [1m[35m (1.6ms)[0m  [1m[35mCREATE  INDEX  "index_albums_on_artist_id" ON "albums"  ("artist_id")[0m
  ↳ db/schema.rb:18
  [1m[35m (15.8ms)[0m  [1m[35mDROP TABLE IF EXISTS "artists" CASCADE[0m
  ↳ db/schema.rb:27
  [1m[35m (8.5ms)[0m  [1m[35mCREATE TABLE "artists" ("id" bigserial primary key, "name" character varying NOT NULL, "created_at" timestamp NOT NULL, "updated_at" timestamp NOT NULL)[0m
  ↳ db/schema.rb:27
  [1m[35m (4.3ms)[0m  [1m[35mCREATE UNIQUE INDEX  "index_artists_on_name" ON "artists"  ("name")[0m
  ↳ db/schema.rb:27
  [1m[35m (6.8ms)[0m  [1m[35mDROP TABLE IF EXISTS "playlist_tracks" CASCADE[0m
  ↳ db/schema.rb:34
  [1m[35m (18.6ms)[0m  [1m[35mCREATE TABLE "playlist_tracks" ("id" bigserial primary key, "playlist_id" integer NOT NULL, "song_id" integer NOT NULL, "created_at" timestamp NOT NULL, "updated_at" timestamp NOT NULL)[0m
  ↳ db/schema.rb:34
  [1m[35m (3.8ms)[0m  [1m[35mCREATE  INDEX  "index_playlist_tracks_on_playlist_id" ON "playlist_tracks"  ("playlist_id")[0m
  ↳ db/schema.rb:34
  [1m[35m (6.0ms)[0m  [1m[35mCREATE  INDEX  "index_playlist_tracks_on_song_id" ON "playlist_tracks"  ("song_id")[0m
  ↳ db/schema.rb:34
  [1m[35m (8.6ms)[0m  [1m[35mDROP TABLE IF EXISTS "playlists" CASCADE[0m
  ↳ db/schema.rb:43
  [1m[35m (8.4ms)[0m  [1m[35mCREATE TABLE "playlists" ("id" bigserial primary key, "name" character varying NOT NULL, "user_id" integer NOT NULL, "created_at" timestamp NOT NULL, "updated_at" timestamp NOT NULL)[0m
  ↳ db/schema.rb:43
  [1m[35m (5.2ms)[0m  [1m[35mCREATE  INDEX  "index_playlists_on_user_id" ON "playlists"  ("user_id")[0m
  ↳ db/schema.rb:43
  [1m[35m (5.2ms)[0m  [1m[35mDROP TABLE IF EXISTS "songs" CASCADE[0m
  ↳ db/schema.rb:51
  [1m[35m (16.4ms)[0m  [1m[35mCREATE TABLE "songs" ("id" bigserial primary key, "name" character varying NOT NULL, "length" integer NOT NULL, "album_id" integer NOT NULL, "created_at" timestamp NOT NULL, "updated_at" timestamp NOT NULL)[0m
  ↳ db/schema.rb:51
  [1m[35m (1.8ms)[0m  [1m[35mCREATE  INDEX  "index_songs_on_album_id" ON "songs"  ("album_id")[0m
  ↳ db/schema.rb:51
  [1m[35m (2.1ms)[0m  [1m[35mCREATE  INDEX  "index_songs_on_name" ON "songs"  ("name")[0m
  ↳ db/schema.rb:51
  [1m[35m (30.0ms)[0m  [1m[35mDROP TABLE IF EXISTS "users" CASCADE[0m
  ↳ db/schema.rb:61
  [1m[35m (20.8ms)[0m  [1m[35mCREATE TABLE "users" ("id" bigserial primary key, "username" character varying NOT NULL, "password" character varying NOT NULL, "created_at" timestamp NOT NULL, "updated_at" timestamp NOT NULL)[0m
  ↳ db/schema.rb:61
  [1m[35m (5.0ms)[0m  [1m[35mCREATE UNIQUE INDEX  "index_users_on_username" ON "users"  ("username")[0m
  ↳ db/schema.rb:61
  [1m[35m (5.7ms)[0m  [1m[34mSELECT "schema_migrations"."version" FROM "schema_migrations" ORDER BY "schema_migrations"."version" ASC[0m
  ↳ db/schema.rb:13
  [1m[36mActiveRecord::InternalMetadata Load (2.2ms)[0m  [1m[34mSELECT  "ar_internal_metadata".* FROM "ar_internal_metadata" WHERE "ar_internal_metadata"."key" = $1 LIMIT $2[0m  [["key", "environment"], ["LIMIT", 1]]
  ↳ db/schema.rb:13
  [1m[35m (0.2ms)[0m  [1m[35mBEGIN[0m
  ↳ db/schema.rb:13
  [1m[36mActiveRecord::InternalMetadata Update (0.5ms)[0m  [1m[33mUPDATE "ar_internal_metadata" SET "value" = $1, "updated_at" = $2 WHERE "ar_internal_metadata"."key" = $3[0m  [["value", "development"], ["updated_at", "2020-12-02 14:33:20.928442"], ["key", "environment"]]
  ↳ db/schema.rb:13
  [1m[35m (0.3ms)[0m  [1m[35mCOMMIT[0m
  ↳ db/schema.rb:13
  [1m[36mActiveRecord::InternalMetadata Load (0.3ms)[0m  [1m[34mSELECT  "ar_internal_metadata".* FROM "ar_internal_metadata" WHERE "ar_internal_metadata"."key" = $1 LIMIT $2[0m  [["key", "environment"], ["LIMIT", 1]]
  ↳ bin/rails:9
  [1m[35m (0.2ms)[0m  [1m[35mBEGIN[0m
  ↳ bin/rails:9
  [1m[36mActiveRecord::InternalMetadata Update (0.6ms)[0m  [1m[33mUPDATE "ar_internal_metadata" SET "value" = $1, "updated_at" = $2 WHERE "ar_internal_metadata"."key" = $3[0m  [["value", "test"], ["updated_at", "2020-12-02 14:33:20.933285"], ["key", "environment"]]
  ↳ bin/rails:9
  [1m[35m (0.3ms)[0m  [1m[35mCOMMIT[0m
  ↳ bin/rails:9
  [1m[35m (1.8ms)[0m  [1m[34mSELECT "schema_migrations"."version" FROM "schema_migrations" ORDER BY "schema_migrations"."version" ASC[0m
  ↳ bin/rails:9
  [1m[35m (0.2ms)[0m  [1m[35mBEGIN[0m
  ↳ db/seeds.rb:13
  [1m[36mArtist Destroy (1.2ms)[0m  [1m[31mDELETE FROM "artists"[0m
  ↳ db/seeds.rb:14
  [1m[36mUser Destroy (1.1ms)[0m  [1m[31mDELETE FROM "users"[0m
  ↳ db/seeds.rb:15
  [1m[36mAlbum Destroy (1.6ms)[0m  [1m[31mDELETE FROM "albums"[0m
  ↳ db/seeds.rb:16
  [1m[36mPlaylist Destroy (1.0ms)[0m  [1m[31mDELETE FROM "playlists"[0m
  ↳ db/seeds.rb:17
  [1m[36mSong Destroy (1.2ms)[0m  [1m[31mDELETE FROM "songs"[0m
  ↳ db/seeds.rb:18
  [1m[36mPlaylistTrack Destroy (0.8ms)[0m  [1m[31mDELETE FROM "playlist_tracks"[0m
  ↳ db/seeds.rb:19
  [1m[36mUser Create (1.3ms)[0m  [1m[32mINSERT INTO "users" ("id", "username", "password", "created_at", "updated_at") VALUES ($1, $2, $3, $4, $5) RETURNING "id"[0m  [["id", 29659], ["username", "ricky"], ["password", "grade10"], ["created_at", "2020-12-02 14:33:26.071225"], ["updated_at", "2020-12-02 14:33:26.071225"]]
  ↳ db/seeds.rb:21
  [1m[36mArtist Create (1.2ms)[0m  [1m[32mINSERT INTO "artists" ("id", "name", "created_at", "updated_at") VALUES ($1, $2, $3, $4) RETURNING "id"[0m  [["id", 8872], ["name", "Aphex Twin"], ["created_at", "2020-12-02 14:33:26.092907"], ["updated_at", "2020-12-02 14:33:26.092907"]]
  ↳ db/seeds.rb:27
  [1m[36mAlbum Create (2.9ms)[0m  [1m[32mINSERT INTO "albums" ("id", "name", "year", "artist_id", "created_at", "updated_at") VALUES ($1, $2, $3, $4, $5, $6) RETURNING "id"[0m  [["id", 38496], ["name", "Selected Ambient Works 85-92"], ["year", 1992], ["artist_id", 8872], ["created_at", "2020-12-02 14:33:26.109960"], ["updated_at", "2020-12-02 14:33:26.109960"]]
  ↳ db/seeds.rb:32
  [1m[36mSong Create (1.1ms)[0m  [1m[32mINSERT INTO "songs" ("id", "name", "length", "album_id", "created_at", "updated_at") VALUES ($1, $2, $3, $4, $5, $6) RETURNING "id"[0m  [["id", 25708], ["name", "Ptolemy"], ["length", 434], ["album_id", 38496], ["created_at", "2020-12-02 14:33:26.129382"], ["updated_at", "2020-12-02 14:33:26.129382"]]
  ↳ db/seeds.rb:39
  [1m[36mSong Create (0.7ms)[0m  [1m[32mINSERT INTO "songs" ("id", "name", "length", "album_id", "created_at", "updated_at") VALUES ($1, $2, $3, $4, $5, $6) RETURNING "id"[0m  [["id", 1117], ["name", "Hedphelym"], ["length", 363], ["album_id", 38496], ["created_at", "2020-12-02 14:33:26.133880"], ["updated_at", "2020-12-02 14:33:26.133880"]]
  ↳ db/seeds.rb:46
  [1m[36mPlaylist Create (1.0ms)[0m  [1m[32mINSERT INTO "playlists" ("id", "name", "user_id", "created_at", "updated_at") VALUES ($1, $2, $3, $4, $5) RETURNING "id"[0m  [["id", 21294], ["name", "Good Songs"], ["user_id", 29659], ["created_at", "2020-12-02 14:33:26.149315"], ["updated_at", "2020-12-02 14:33:26.149315"]]
  ↳ db/seeds.rb:53
  [1m[36mPlaylistTrack Create (0.8ms)[0m  [1m[32mINSERT INTO "playlist_tracks" ("id", "playlist_id", "song_id", "created_at", "updated_at") VALUES ($1, $2, $3, $4, $5) RETURNING "id"[0m  [["id", 87029], ["playlist_id", 21294], ["song_id", 25708], ["created_at", "2020-12-02 14:33:26.162671"], ["updated_at", "2020-12-02 14:33:26.162671"]]
  ↳ db/seeds.rb:59
  [1m[36mPlaylistTrack Create (0.3ms)[0m  [1m[32mINSERT INTO "playlist_tracks" ("id", "playlist_id", "song_id", "created_at", "updated_at") VALUES ($1, $2, $3, $4, $5) RETURNING "id"[0m  [["id", 9375], ["playlist_id", 21294], ["song_id", 1117], ["created_at", "2020-12-02 14:33:26.164754"], ["updated_at", "2020-12-02 14:33:26.164754"]]
  ↳ db/seeds.rb:65
  [1m[35m (1.2ms)[0m  [1m[35mCOMMIT[0m
  ↳ db/seeds.rb:13
